<?xml version="1.0" encoding="UTF-8" ?>
<testsuite errors="0" failures="0" name="BragAttributeTests" tests="0" time="0.0">
  <properties></properties>
  <testcase classname="BragAttributeTests" name="testSomething" time="0.0040"></testcase>
</testsuite>
